<?xml version="1.0" encoding="UTF-8"?>
<!-- Generated by org.testng.reporters.JUnitReportReporter -->
<testsuite hostname="LAPTOP-JVO9DN95" failures="0" tests="2" name="com.test.demo.SaucedemoLoginTest" time="0.888" errors="0" timestamp="2022-02-27T00:15:34 IST" skipped="0">
  <testcase classname="com.test.demo.SaucedemoLoginTest" name="loginAsStandardUser" time="0.881"/>
  <system-out/>
  <testcase classname="com.test.demo.SaucedemoLoginTest" name="loginAsStandardUser2" time="0.007"/>
  <system-out/>
</testsuite> <!-- com.test.demo.SaucedemoLoginTest -->
