<?xml version="1.0" encoding="UTF-8"?>
<!-- Generated by org.testng.reporters.JUnitReportReporter -->
<testsuite hostname="LAPTOP-JVO9DN95" failures="0" tests="1" name="com.test.demo.SaucedemoHomeTest" time="0.343" errors="0" timestamp="2022-02-01T00:02:07 IST" skipped="0">
  <testcase classname="com.test.demo.SaucedemoHomeTest" name="testHomePageLoad" time="0.343"/>
  <system-out/>
</testsuite> <!-- com.test.demo.SaucedemoHomeTest -->
