<?xml version="1.0" encoding="UTF-8"?>
<!-- Generated by org.testng.reporters.JUnitReportReporter -->
<testsuite hostname="LAPTOP-JVO9DN95" failures="0" tests="1" name="com.test.demo.SaucedemoLoginTest" time="1.170" errors="0" timestamp="2022-02-06T00:41:16 IST" skipped="0">
  <testcase classname="com.test.demo.SaucedemoLoginTest" name="loginAsStandardUser" time="1.170"/>
  <system-out/>
</testsuite> <!-- com.test.demo.SaucedemoLoginTest -->
